* installing *source* package ‘fastmatrix’ ...
** using staged installation
** libs
gcc -I"/usr/local/lib/R/include" -DNDEBUG   -I/usr/local/include   -fpic  -g -O2  -c R_init_fastmatrix.c -o R_init_fastmatrix.o
gfortran -fno-optimize-sibling-calls  -fpic  -g -O2  -c array.f -o array.o
gcc -I"/usr/local/lib/R/include" -DNDEBUG   -I/usr/local/include   -fpic  -g -O2  -c bezier.c -o bezier.o
gcc -I"/usr/local/lib/R/include" -DNDEBUG   -I/usr/local/include   -fpic  -g -O2  -c blas_1.c -o blas_1.o
gcc -I"/usr/local/lib/R/include" -DNDEBUG   -I/usr/local/include   -fpic  -g -O2  -c blas_2.c -o blas_2.o
gcc -I"/usr/local/lib/R/include" -DNDEBUG   -I/usr/local/include   -fpic  -g -O2  -c blas_3.c -o blas_3.o
gcc -I"/usr/local/lib/R/include" -DNDEBUG   -I/usr/local/include   -fpic  -g -O2  -c brent.c -o brent.o
gcc -I"/usr/local/lib/R/include" -DNDEBUG   -I/usr/local/include   -fpic  -g -O2  -c cholesky.c -o cholesky.o
gfortran -fno-optimize-sibling-calls  -fpic  -g -O2  -c circulant.f -o circulant.o
gfortran -fno-optimize-sibling-calls  -fpic  -g -O2  -c commutation.f -o commutation.o
gcc -I"/usr/local/lib/R/include" -DNDEBUG   -I/usr/local/include   -fpic  -g -O2  -c cor_struct.c -o cor_struct.o
gcc -I"/usr/local/lib/R/include" -DNDEBUG   -I/usr/local/include   -fpic  -g -O2  -c cov.c -o cov.o
gfortran -fno-optimize-sibling-calls  -fpic  -g -O2  -c decasteljau.f -o decasteljau.o
gcc -I"/usr/local/lib/R/include" -DNDEBUG   -I/usr/local/include   -fpic  -g -O2  -c distance_API.c -o distance_API.o
gcc -I"/usr/local/lib/R/include" -DNDEBUG   -I/usr/local/include   -fpic  -g -O2  -c duplication.c -o duplication.o
gcc -I"/usr/local/lib/R/include" -DNDEBUG   -I/usr/local/include   -fpic  -g -O2  -c equilibrate.c -o equilibrate.o
gfortran -fno-optimize-sibling-calls  -fpic  -g -O2  -c equilibrate_cols.f -o equilibrate_cols.o
gfortran -fno-optimize-sibling-calls  -fpic  -g -O2  -c frank.f -o frank.o
gcc -I"/usr/local/lib/R/include" -DNDEBUG   -I/usr/local/include   -fpic  -g -O2  -c hadamard.c -o hadamard.o
gfortran -fno-optimize-sibling-calls  -fpic  -g -O2  -c helmert.f -o helmert.o
gfortran -fno-optimize-sibling-calls  -fpic  -g -O2  -c inner_frobenius.f -o inner_frobenius.o
gcc -I"/usr/local/lib/R/include" -DNDEBUG   -I/usr/local/include   -fpic  -g -O2  -c kronecker.c -o kronecker.o
gcc -I"/usr/local/lib/R/include" -DNDEBUG   -I/usr/local/include   -fpic  -g -O2  -c krylov.c -o krylov.o
gfortran -fno-optimize-sibling-calls  -fpic  -g -O2  -c ldl_decomp.f -o ldl_decomp.o
gcc -I"/usr/local/lib/R/include" -DNDEBUG   -I/usr/local/include   -fpic  -g -O2  -c linear_iterative.c -o linear_iterative.o
gcc -I"/usr/local/lib/R/include" -DNDEBUG   -I/usr/local/include   -fpic  -g -O2  -c ls_API.c -o ls_API.o
gcc -I"/usr/local/lib/R/include" -DNDEBUG   -I/usr/local/include   -fpic  -g -O2  -c lu.c -o lu.o
gcc -I"/usr/local/lib/R/include" -DNDEBUG   -I/usr/local/include   -fpic  -g -O2  -c mahalanobis.c -o mahalanobis.o
gcc -I"/usr/local/lib/R/include" -DNDEBUG   -I/usr/local/include   -fpic  -g -O2  -c mardia.c -o mardia.o
gcc -I"/usr/local/lib/R/include" -DNDEBUG   -I/usr/local/include   -fpic  -g -O2  -c matrix_API.c -o matrix_API.o
gfortran -fno-optimize-sibling-calls  -fpic  -g -O2  -c median_center.f -o median_center.o
gfortran -fno-optimize-sibling-calls  -fpic  -g -O2  -c minkowski.f -o minkowski.o
gcc -I"/usr/local/lib/R/include" -DNDEBUG   -I/usr/local/include   -fpic  -g -O2  -c norms.c -o norms.o
gcc -I"/usr/local/lib/R/include" -DNDEBUG   -I/usr/local/include   -fpic  -g -O2  -c ols.c -o ols.o
gfortran -fno-optimize-sibling-calls  -fpic  -g -O2  -c omo.f -o omo.o
gcc -I"/usr/local/lib/R/include" -DNDEBUG   -I/usr/local/include   -fpic  -g -O2  -c omo_wrappers.c -o omo_wrappers.o
gfortran -fno-optimize-sibling-calls  -fpic  -g -O2  -c pivot.f -o pivot.o
gcc -I"/usr/local/lib/R/include" -DNDEBUG   -I/usr/local/include   -fpic  -g -O2  -c power_method.c -o power_method.o
gcc -I"/usr/local/lib/R/include" -DNDEBUG   -I/usr/local/include   -fpic  -g -O2  -c products.c -o products.o
gcc -I"/usr/local/lib/R/include" -DNDEBUG   -I/usr/local/include   -fpic  -g -O2  -c ridge.c -o ridge.o
gcc -I"/usr/local/lib/R/include" -DNDEBUG   -I/usr/local/include   -fpic  -g -O2  -c sherman_morrison.c -o sherman_morrison.o
gcc -I"/usr/local/lib/R/include" -DNDEBUG   -I/usr/local/include   -fpic  -g -O2  -c sort.c -o sort.o
gcc -I"/usr/local/lib/R/include" -DNDEBUG   -I/usr/local/include   -fpic  -g -O2  -c stats.c -o stats.o
gcc -I"/usr/local/lib/R/include" -DNDEBUG   -I/usr/local/include   -fpic  -g -O2  -c stats_API.c -o stats_API.o
gcc -I"/usr/local/lib/R/include" -DNDEBUG   -I/usr/local/include   -fpic  -g -O2  -c svd.c -o svd.o
gfortran -fno-optimize-sibling-calls  -fpic  -g -O2  -c sweep.f -o sweep.o
gcc -I"/usr/local/lib/R/include" -DNDEBUG   -I/usr/local/include   -fpic  -g -O2  -c sweep_operator.c -o sweep_operator.o
gcc -I"/usr/local/lib/R/include" -DNDEBUG   -I/usr/local/include   -fpic  -g -O2  -c symmetrizer.c -o symmetrizer.o
gfortran -fno-optimize-sibling-calls  -fpic  -g -O2  -c symmetrizer_mat.f -o symmetrizer_mat.o
gcc -I"/usr/local/lib/R/include" -DNDEBUG   -I/usr/local/include   -fpic  -g -O2  -c utils.c -o utils.o
gcc -I"/usr/local/lib/R/include" -DNDEBUG   -I/usr/local/include   -fpic  -g -O2  -c whitening.c -o whitening.o
gcc -I"/usr/local/lib/R/include" -DNDEBUG   -I/usr/local/include   -fpic  -g -O2  -c wilson_hilferty.c -o wilson_hilferty.o
gcc -shared -L/usr/local/lib/R/lib -L/usr/local/lib -o fastmatrix.so R_init_fastmatrix.o array.o bezier.o blas_1.o blas_2.o blas_3.o brent.o cholesky.o circulant.o commutation.o cor_struct.o cov.o decasteljau.o distance_API.o duplication.o equilibrate.o equilibrate_cols.o frank.o hadamard.o helmert.o inner_frobenius.o kronecker.o krylov.o ldl_decomp.o linear_iterative.o ls_API.o lu.o mahalanobis.o mardia.o matrix_API.o median_center.o minkowski.o norms.o ols.o omo.o omo_wrappers.o pivot.o power_method.o products.o ridge.o sherman_morrison.o sort.o stats.o stats_API.o svd.o sweep.o sweep_operator.o symmetrizer.o symmetrizer_mat.o utils.o whitening.o wilson_hilferty.o -L/usr/local/lib/R/lib -lRlapack -L/usr/local/lib/R/lib -lRblas -lgfortran -lm -lquadmath -lm -lgfortran -lm -lquadmath -L/usr/local/lib/R/lib -lR
installing to /home/felipe/Dropbox/DEV/FASTMATRIX/fastmatrix.Rcheck/00LOCK-fastmatrix/00new/fastmatrix/libs
** R
** inst
** byte-compile and prepare package for lazy loading
** help
*** installing help indices
** building package indices
** testing if installed package can be loaded from temporary location
** checking absolute paths in shared objects and dynamic libraries
** testing if installed package can be loaded from final location
** testing if installed package keeps a record of temporary installation path
* DONE (fastmatrix)
